<?xml version="1.0" encoding="UTF-8" ?>
<testsuite tests="32" failures="0" name="calculator.RunnerTest" time="0.025" errors="0" skipped="0">
  <properties>
[...]
</properties>
  <testcase classname="Scenario: sqrt of division of two numbers" name="Given Two input values, 75 and 3" time="0.005"/>
  <testcase classname="Scenario: sqrt of division of two numbers" name="When I calculate sqrt of the division of the a by the b" time="0"/>
  <testcase classname="Scenario: sqrt of division of two numbers" name="Then I expect the result 5" time="0"/>
  <testcase classname="Scenario: sqrt of division of two numbers" name="Scenario: sqrt of division of two numbers" time="0.001"/>
  <testcase classname="| 4 | 1 | 2 |" name="Given Two input values, 4 and 1" time="0.001"/>
  <testcase classname="| 4 | 1 | 2 |" name="When I calculate sqrt of the division of the a by the b" time="0"/>
  <testcase classname="| 4 | 1 | 2 |" name="Then I expect the result 2" time="0"/>
  <testcase classname="| 4 | 1 | 2 |" name="| 4 | 1 | 2 |" time="0"/>
  <testcase classname="| 36 | 4 | 3 |" name="Given Two input values, 36 and 4" time="0"/>
  <testcase classname="| 36 | 4 | 3 |" name="When I calculate sqrt of the division of the a by the b" time="0"/>
  <testcase classname="| 36 | 4 | 3 |" name="Then I expect the result 3" time="0"/>
  <testcase classname="| 36 | 4 | 3 |" name="| 36 | 4 | 3 |" time="0.001"/>
  <testcase classname="| 0 | 1 | 0 |" name="Given Two input values, 0 and 1" time="0"/>
  <testcase classname="| 0 | 1 | 0 |" name="When I calculate sqrt of the division of the a by the b" time="0"/>
  <testcase classname="| 0 | 1 | 0 |" name="Then I expect the result 0" time="0"/>
  <testcase classname="| 0 | 1 | 0 |" name="| 0 | 1 | 0 |" time="0.001"/>
  <testcase classname="| 0 | 0 | -1 |" name="Given Two input values, 0 and 0" time="0"/>
  <testcase classname="| 0 | 0 | -1 |" name="When I calculate sqrt of the division of the a by the b" time="0"/>
  <testcase classname="| 0 | 0 | -1 |" name="Then I expect the result -1" time="0.001"/>
  <testcase classname="| 0 | 0 | -1 |" name="| 0 | 0 | -1 |" time="0.001"/>
  <testcase classname="| 75 | 3 | 5 |" name="Given Two input values, 75 and 3" time="0.001"/>
  <testcase classname="| 75 | 3 | 5 |" name="When I calculate sqrt of the division of the a by the b" time="0.005"/>
  <testcase classname="| 75 | 3 | 5 |" name="Then I expect the result 5" time="0"/>
  <testcase classname="| 75 | 3 | 5 |" name="| 75 | 3 | 5 |" time="0.001"/>
  <testcase classname="| -25 | -1 | 5 |" name="Given Two input values, -25 and -1" time="0"/>
  <testcase classname="| -25 | -1 | 5 |" name="When I calculate sqrt of the division of the a by the b" time="0"/>
  <testcase classname="| -25 | -1 | 5 |" name="Then I expect the result 5" time="0"/>
  <testcase classname="| -25 | -1 | 5 |" name="| -25 | -1 | 5 |" time="0.001"/>
  <testcase classname="| -162 | -2 | 9 |" name="Given Two input values, -162 and -2" time="0.001"/>
  <testcase classname="| -162 | -2 | 9 |" name="When I calculate sqrt of the division of the a by the b" time="0"/>
  <testcase classname="| -162 | -2 | 9 |" name="Then I expect the result 9" time="0.001"/>
  <testcase classname="| -162 | -2 | 9 |" name="| -162 | -2 | 9 |" time="0.004"/>
</testsuite>